E:\PROJECT\ZJU_CODE\GETINTEGRAL\GETINTEGRAL\GETINTEGRAL\DEBUG\GETINTEGRAL.PCH
E:\PROJECT\ZJU_CODE\GETINTEGRAL\GETINTEGRAL\GETINTEGRAL\DEBUG\STDAFX.OBJ
E:\PROJECT\ZJU_CODE\GETINTEGRAL\GETINTEGRAL\GETINTEGRAL\DEBUG\VC110.PDB
E:\PROJECT\ZJU_CODE\GETINTEGRAL\GETINTEGRAL\GETINTEGRAL\DEBUG\GETINTEGRAL.OBJ
E:\PROJECT\ZJU_CODE\GETINTEGRAL\GETINTEGRAL\GETINTEGRAL\DEBUG\GETINTEGRAL_C.OBJ
E:\PROJECT\ZJU_CODE\GETINTEGRAL\GETINTEGRAL\GETINTEGRAL\DEBUG\GETINTEGRAL.RES
E:\Project\zju_code\getIntegral\getIntegral\getIntegral\Debug\getIntegral.obj
E:\Project\zju_code\getIntegral\getIntegral\getIntegral\Debug\getIntegral_c.obj
E:\Project\zju_code\getIntegral\getIntegral\getIntegral\Debug\stdafx.obj
E:\Project\zju_code\getIntegral\getIntegral\getIntegral\Debug\cl.command.1.tlog
E:\Project\zju_code\getIntegral\getIntegral\getIntegral\Debug\CL.read.1.tlog
E:\Project\zju_code\getIntegral\getIntegral\getIntegral\Debug\CL.write.1.tlog
E:\Project\zju_code\getIntegral\getIntegral\getIntegral\Debug\link-cvtres.read.1.tlog
E:\Project\zju_code\getIntegral\getIntegral\getIntegral\Debug\link-cvtres.write.1.tlog
E:\Project\zju_code\getIntegral\getIntegral\getIntegral\Debug\link-mt.read.1.tlog
E:\Project\zju_code\getIntegral\getIntegral\getIntegral\Debug\link-mt.write.1.tlog
E:\Project\zju_code\getIntegral\getIntegral\getIntegral\Debug\link-rc.read.1.tlog
E:\Project\zju_code\getIntegral\getIntegral\getIntegral\Debug\link-rc.write.1.tlog
E:\Project\zju_code\getIntegral\getIntegral\getIntegral\Debug\link.command.1.tlog
E:\Project\zju_code\getIntegral\getIntegral\getIntegral\Debug\link.read.1.tlog
E:\Project\zju_code\getIntegral\getIntegral\getIntegral\Debug\link.write.1.tlog
E:\Project\zju_code\getIntegral\getIntegral\getIntegral\Debug\rc.command.1.tlog
E:\Project\zju_code\getIntegral\getIntegral\getIntegral\Debug\rc.read.1.tlog
E:\Project\zju_code\getIntegral\getIntegral\getIntegral\Debug\rc.write.1.tlog
E:\Project\zju_code\getIntegral\getIntegral\getIntegral\Debug\getIntegral.res
E:\Project\zju_code\getIntegral\getIntegral\getIntegral\Debug\getIntegral.pch
E:\Project\zju_code\getIntegral\getIntegral\getIntegral\Debug\vc110.idb
E:\Project\zju_code\getIntegral\getIntegral\getIntegral\Debug\vc110.pdb
E:\Project\zju_code\getIntegral\getIntegral\Debug\getIntegral.pdb
